This file contains any messages produced by compilers while
running configure, to aid debugging if configure makes a mistake.

It was created by libpst configure 0.6.63, which was
generated by GNU Autoconf 2.69.  Invocation command line was

  $ ../configure --prefix=/MSYS2/mingw64 --build=x86_64-w64-mingw32 --host=x86_64-w64-mingw32 --target=x86_64-w64-mingw32 --enable-unicode --enable-unversioned-links --disable-multilib --sysconfdir=/MSYS2/mingw64/etc --sbindir=/MSYS2/mingw64/bin --bindir=/MSYS2/mingw64/bin --datadir=/MSYS2/mingw64/share --with-ssl -with-net-snmp --disable-usr-local --with-snmp-include=/MSYS2/mingw64/include/net-snmp --with-wxshared --with-snmp-lib=/MSYS2/mingw64/lib --with-wx-version=3.0 --disable-scrollkeeper --with-tcl=/mingw64/lib/tcl8.6 --with-tk=/mingw64/lib/tk8.6 --with-docbook-xsl-root=/MSYS2/mingw64/share/xml/docbook/xsl-stylesheets-1.79.2 --with-lz4=/MSYS2/mingw64 --with-sqlite=/MSYS2/mingw64 --with-editor=vim.exe --disable-static --enable-shared --with-platform=win32 --with-gtk=2.0 --enable-introspection=no --disable-python

## ----------- ##
## confdefs.h. ##
## ----------- ##

/* confdefs.h */
#define PACKAGE_NAME "libpst"
#define PACKAGE_TARNAME "libpst"
#define PACKAGE_VERSION "0.6.63"
#define PACKAGE_STRING "libpst 0.6.63"
#define PACKAGE_BUGREPORT "carl@five-ten-sg.com"
#define PACKAGE_URL ""
#define PACKAGE "libpst"
#define VERSION "0.6.63"
#define STDC_HEADERS 1
#define HAVE_SYS_TYPES_H 1
#define HAVE_SYS_STAT_H 1
#define HAVE_STDLIB_H 1
#define HAVE_STRING_H 1
#define HAVE_MEMORY_H 1
#define HAVE_STRINGS_H 1
#define HAVE_INTTYPES_H 1
#define HAVE_STDINT_H 1
#define HAVE_UNISTD_H 1
#define __EXTENSIONS__ 1
#define _ALL_SOURCE 1
#define _GNU_SOURCE 1
#define _POSIX_PTHREAD_SEMANTICS 1
#define _TANDEM_SOURCE 1
#define HAVE_GD_H 1
#define HAVE_DLFCN_H 1
#define LT_OBJDIR ".libs/"
#define _FILE_OFFSET_BITS 64
#define SIZEOF_OFF_T 8
#define HAVE_DIRENT_H 1
#define STDC_HEADERS 1
#define HAVE_CTYPE_H 1
#define HAVE_DIRENT_H 1
#define HAVE_ERRNO_H 1
#define HAVE_FCNTL_H 1
#define HAVE_INTTYPES_H 1
#define HAVE_LIMITS_H 1
#define HAVE_REGEX_H 1
#define HAVE_SEMAPHORE_H 1
#define HAVE_SIGNAL_H 1
#define HAVE_STDARG_H 1
#define HAVE_STDINT_H 1
#define HAVE_STDIO_H 1
#define HAVE_STDLIB_H 1
#define HAVE_STRING_H 1
#define HAVE_SYS_PARAM_H 1
#define HAVE_SYS_STAT_H 1
#define HAVE_SYS_TYPES_H 1
#define HAVE_TIME_H 1
#define HAVE_UNISTD_H 1
#define HAVE_WCHAR_H 1
#define HAVE__BOOL 1
#define HAVE_STDBOOL_H 1
#define vfork fork
#define HAVE_FSEEKO 1
#define HAVE_LSTAT_EMPTY_STRING_BUG 1
#define HAVE_STDLIB_H 1
#define HAVE_MALLOC 1
#define TIME_WITH_SYS_TIME 1
#define HAVE_SYS_TIME_H 1
#define HAVE_UNISTD_H 1
#define HAVE_ALARM 1
#define HAVE_STDLIB_H 1
#define HAVE_REALLOC 1
#define HAVE_STRFTIME 1
#define HAVE_VPRINTF 1
#define HAVE_CHDIR 1
#define HAVE_GETCWD 1
#define HAVE_MEMCHR 1
#define HAVE_MEMMOVE 1
#define HAVE_MEMSET 1
#define HAVE_REGCOMP 1
#define HAVE_STRCASECMP 1
#define HAVE_STRNCASECMP 1
#define HAVE_STRCHR 1
#define HAVE_STRDUP 1
#define HAVE_STRERROR 1
#define HAVE_STRPBRK 1
#define HAVE_STRRCHR 1
#define HAVE_STRSTR 1
#define HAVE_STRTOL 1
#define HAVE_ICONV 1
#define ICONV_CONST 
#define HAVE_REGEXEC 1

configure: exit 0
